Listening, press Ctrl+C to stop.
Server Up on 4000
{ 'Test list': { type: 'groceries', items: 'apples' },
  groceries:
   { type: 'groceries',
     items: 'chocolate undefined undefined',
     date: '2019-01-24T17:34:47.798Z' },
  reminder:
   { type: 'reminder',
     items: 'appointment',
     date: '2019-01-24T00:03:15.969Z' } }
blue light on
command:  play magpie
Listening, press Ctrl+C to stop.
Server Up on 4000
{ 'Test list': { type: 'groceries', items: 'apples' },
  groceries:
   { type: 'groceries',
     items: 'chocolate undefined undefined',
     date: '2019-01-24T17:34:47.798Z' },
  reminder:
   { type: 'reminder',
     items: 'appointment',
     date: '2019-01-24T00:03:15.969Z' } }
Listening, press Ctrl+C to stop.
Server Up on 4000
{ 'Test list': { type: 'groceries', items: 'apples' },
  groceries:
   { type: 'groceries',
     items: 'chocolate undefined undefined',
     date: '2019-01-24T17:34:47.798Z' },
  reminder:
   { type: 'reminder',
     items: 'appointment',
     date: '2019-01-24T00:03:15.969Z' } }
Listening, press Ctrl+C to stop.
Server Up on 4000
{ 'Test list': { type: 'groceries', items: 'apples' },
  groceries:
   { type: 'groceries',
     items: 'chocolate undefined undefined',
     date: '2019-01-24T17:34:47.798Z' },
  reminder:
   { type: 'reminder',
     items: 'appointment',
     date: '2019-01-24T00:03:15.969Z' } }
Listening, press Ctrl+C to stop.
Server Up on 4000
{ 'Test list': { type: 'groceries', items: 'apples' },
  groceries:
   { type: 'groceries',
     items: 'chocolate undefined undefined',
     date: '2019-01-24T17:34:47.798Z' },
  reminder:
   { type: 'reminder',
     items: 'appointment',
     date: '2019-01-24T00:03:15.969Z' } }
Listening, press Ctrl+C to stop.
Server Up on 4000
{ 'Test list': { type: 'groceries', items: 'apples' },
  groceries:
   { type: 'groceries',
     items: 'chocolate undefined undefined',
     date: '2019-01-24T17:34:47.798Z' },
  reminder:
   { type: 'reminder',
     items: 'appointment',
     date: '2019-01-24T00:03:15.969Z' } }
Listening, press Ctrl+C to stop.
Server Up on 4000
{ 'Test list': { type: 'groceries', items: 'apples' },
  groceries:
   { type: 'groceries',
     items: 'chocolate undefined undefined',
     date: '2019-01-24T17:34:47.798Z' },
  reminder:
   { type: 'reminder',
     items: 'appointment',
     date: '2019-01-24T00:03:15.969Z' } }
blue light on
command:  it's a little more clearly right up on the 9th a magpie
blue light flash
blue light on
Listening, press Ctrl+C to stop.
Server Up on 4000
{ 'Test list': { type: 'groceries', items: 'apples' },
  groceries:
   { type: 'groceries',
     items: 'chocolate undefined undefined',
     date: '2019-01-24T17:34:47.798Z' },
  reminder:
   { type: 'reminder',
     items: 'appointment',
     date: '2019-01-24T00:03:15.969Z' } }
Listening, press Ctrl+C to stop.
Server Up on 4000
{ 'Test list': { type: 'groceries', items: 'apples' },
  groceries:
   { type: 'groceries',
     items: 'chocolate undefined undefined',
     date: '2019-01-24T17:34:47.798Z' },
  reminder:
   { type: 'reminder',
     items: 'appointment',
     date: '2019-01-24T00:03:15.969Z' } }
Listening, press Ctrl+C to stop.
Server Up on 4000
{ 'Test list': { type: 'groceries', items: 'apples' },
  groceries:
   { type: 'groceries',
     items: 'chocolate undefined undefined',
     date: '2019-01-24T17:34:47.798Z' },
  reminder:
   { type: 'reminder',
     items: 'appointment',
     date: '2019-01-24T00:03:15.969Z' } }
Listening, press Ctrl+C to stop.
Server Up on 4000
{ 'Test list': { type: 'groceries', items: 'apples' },
  groceries:
   { type: 'groceries',
     items: 'chocolate undefined undefined',
     date: '2019-01-24T17:34:47.798Z' },
  reminder:
   { type: 'reminder',
     items: 'appointment',
     date: '2019-01-24T00:03:15.969Z' } }
Listening, press Ctrl+C to stop.
Server Up on 4000
{ 'Test list': { type: 'groceries', items: 'apples' },
  groceries:
   { type: 'groceries',
     items: 'chocolate undefined undefined',
     date: '2019-01-24T17:34:47.798Z' },
  reminder:
   { type: 'reminder',
     items: 'appointment',
     date: '2019-01-24T00:03:15.969Z' } }
Listening, press Ctrl+C to stop.
Server Up on 4000
{ 'Test list': { type: 'groceries', items: 'apples' },
  groceries:
   { type: 'groceries',
     items: 'chocolate undefined undefined',
     date: '2019-01-24T17:34:47.798Z' },
  reminder:
   { type: 'reminder',
     items: 'appointment',
     date: '2019-01-24T00:03:15.969Z' } }
Listening, press Ctrl+C to stop.
Server Up on 4000
{ 'Test list': { type: 'groceries', items: 'apples' },
  groceries:
   { type: 'groceries',
     items: 'chocolate undefined undefined',
     date: '2019-01-24T17:34:47.798Z' },
  reminder:
   { type: 'reminder',
     items: 'appointment',
     date: '2019-01-24T00:03:15.969Z' } }
blue light on
Listening, press Ctrl+C to stop.
Server Up on 4000
{ 'Test list': { type: 'groceries', items: 'apples' },
  groceries:
   { type: 'groceries',
     items: 'chocolate undefined undefined',
     date: '2019-01-24T17:34:47.798Z' },
  reminder:
   { type: 'reminder',
     items: 'appointment',
     date: '2019-01-24T00:03:15.969Z' } }
blue light on
blue light flash
green light flash
blue light on
command:  new list
blue light flash
blue light on
database { 'Test list': { type: 'groceries', items: 'apples' },
  groceries:
   { type: 'groceries',
     items: 'chocolate undefined undefined',
     date: '2019-01-24T17:34:47.798Z' },
  reminder:
   { type: 'reminder',
     items: 'appointment',
     date: '2019-01-24T00:03:15.969Z' },
  'cool work':
   ListMaker {
     type: 'cool work',
     items: 'we settle keep a running even if you have to demo with',
     date: 2019-01-24T20:31:25.454Z } }
blue light off
green light flash
file has been saved
{ Error: Exceeded maximum allowed stream duration of 65 seconds.
    at DestroyableTransform.recognizeStream.setPipeline.through.obj [as _transform] (/home/pi/Desktop/pi-fellow/node_modules/@google-cloud/speech/src/helpers.js:108:18)
    at DestroyableTransform.Transform._read (/home/pi/Desktop/pi-fellow/node_modules/readable-stream/lib/_stream_transform.js:184:10)
    at DestroyableTransform.Transform._write (/home/pi/Desktop/pi-fellow/node_modules/readable-stream/lib/_stream_transform.js:172:83)
    at doWrite (/home/pi/Desktop/pi-fellow/node_modules/readable-stream/lib/_stream_writable.js:428:64)
    at writeOrBuffer (/home/pi/Desktop/pi-fellow/node_modules/readable-stream/lib/_stream_writable.js:417:5)
    at DestroyableTransform.Writable.write (/home/pi/Desktop/pi-fellow/node_modules/readable-stream/lib/_stream_writable.js:334:11)
    at StreamProxy.ondata (/home/pi/Desktop/pi-fellow/node_modules/readable-stream/lib/_stream_readable.js:619:20)
    at StreamProxy.emit (events.js:188:13)
    at addChunk (/home/pi/Desktop/pi-fellow/node_modules/readable-stream/lib/_stream_readable.js:291:12)
    at readableAddChunk (/home/pi/Desktop/pi-fellow/node_modules/readable-stream/lib/_stream_readable.js:278:11)
    at StreamProxy.Readable.push (/home/pi/Desktop/pi-fellow/node_modules/readable-stream/lib/_stream_readable.js:245:10)
    at StreamProxy.Duplexify._forward (/home/pi/Desktop/pi-fellow/node_modules/duplexify/index.js:170:26)
    at ClientDuplexStream.onreadable (/home/pi/Desktop/pi-fellow/node_modules/duplexify/index.js:134:10)
    at ClientDuplexStream.emit (events.js:188:13)
    at emitReadable_ (_stream_readable.js:539:12)
    at processTicksAndRejections (internal/process/next_tick.js:76:17)
  code: 11,
  errors: undefined,
  response: undefined,
  message: 'Exceeded maximum allowed stream duration of 65 seconds.' }
